<?xml version="1.0" encoding="UTF-8"?>
<testsuite xmlns:xsi="http://www.w3.org/2001/XMLSchema-instance" xsi:noNamespaceSchemaLocation="https://maven.apache.org/surefire/maven-surefire-plugin/xsd/surefire-test-report.xsd" name="RunCucumberTest" time="73.482" tests="8" errors="0" skipped="0" failures="2">
  <properties>
[...]
</properties>
  <testcase name="Say Hello" classname="Hello" time="5.333"/>
  <testcase name="Open my website and verify functionality #1" classname="Hello" time="7.763"/>
  <testcase name="Open my website and verify functionality #2" classname="Hello" time="9.611">
    <failure type="java.lang.AssertionError">java.lang.AssertionError
</failure>
    <system-out><![CDATA[
Scenario: Open my website and verify functionality                                       # src/test/resources/features/test.feature:13
  Given I open the browser and navigate to "https://eicdev.fiu.edu/utcdbresearch/search" # stepDefinitions.HelloSteps.i_open_the_browser_and_navigate_to(java.lang.String)
  Then I select Beam Material "Steel"                                                    # stepDefinitions.HelloSteps.selectBeamMaterial(java.lang.String)
  Then I select Spans "> Three-span"                                                     # stepDefinitions.HelloSteps.selectSpans(java.lang.String)
  Then I search for "Full-Depth Precast Deck Panel w/o PT"                               # stepDefinitions.HelloSteps.SearchForKeyWord(java.lang.String)
  And I click the Search button                                                          # stepDefinitions.HelloSteps.iClickSearchButton()
Found 1 Results
  Then I verify "1" results                                                              # stepDefinitions.HelloSteps.i_verify_the_site_functions_as_expected(java.lang.String)
      java.lang.AssertionError
	at org.junit.Assert.fail(Assert.java:87)
	at org.junit.Assert.assertTrue(Assert.java:42)
	at org.junit.Assert.assertTrue(Assert.java:53)
	at stepDefinitions.HelloSteps.i_verify_the_site_functions_as_expected(HelloSteps.java:82)
	at ✽.I verify "1" results(file:///lclhome/aadon004/automation/cucumber-linux-test/src/test/resources/features/test.feature:19)

]]></system-out>
    <system-err><![CDATA[Apr 12, 2025 9:00:25 AM org.openqa.selenium.devtools.CdpVersionFinder findNearestMatch
WARNING: Unable to find CDP implementation matching 135
Apr 12, 2025 9:00:25 AM org.openqa.selenium.chromium.ChromiumDriver lambda$new$5
WARNING: Unable to find version of CDP to use for 135.0.7049.84. You may need to include a dependency on a specific version of the CDP using something similar to `org.seleniumhq.selenium:selenium-devtools-v86:4.13.0` where the version ("v86") matches the version of the chromium-based browser you're using and the version number of the artifact is the same as Selenium's.
]]></system-err>
  </testcase>
  <testcase name="Open my website and verify functionality #3" classname="Hello" time="13.858"/>
  <testcase name="Open my website and verify functionality #4" classname="Hello" time="11.611"/>
  <testcase name="Open my website and verify functionality #5" classname="Hello" time="10.667"/>
  <testcase name="Open my website and verify functionality #6" classname="Hello" time="6.796"/>
  <testcase name="Open my website and verify functionality #7" classname="Hello" time="6.523">
    <failure type="java.lang.AssertionError">java.lang.AssertionError
</failure>
    <system-out><![CDATA[
Scenario: Open my website and verify functionality                                       # src/test/resources/features/test.feature:60
  Given I open the browser and navigate to "https://eicdev.fiu.edu/utcdbresearch/search" # stepDefinitions.HelloSteps.i_open_the_browser_and_navigate_to(java.lang.String)
  Then I search for "CIP substructure under traffic"                                     # stepDefinitions.HelloSteps.SearchForKeyWord(java.lang.String)
  And I click the Search button                                                          # stepDefinitions.HelloSteps.iClickSearchButton()
Found 9 Results
  Then I verify "9" results                                                              # stepDefinitions.HelloSteps.i_verify_the_site_functions_as_expected(java.lang.String)
      java.lang.AssertionError
	at org.junit.Assert.fail(Assert.java:87)
	at org.junit.Assert.assertTrue(Assert.java:42)
	at org.junit.Assert.assertTrue(Assert.java:53)
	at stepDefinitions.HelloSteps.i_verify_the_site_functions_as_expected(HelloSteps.java:82)
	at ✽.I verify "9" results(file:///lclhome/aadon004/automation/cucumber-linux-test/src/test/resources/features/test.feature:64)

]]></system-out>
    <system-err><![CDATA[Apr 12, 2025 9:01:17 AM org.openqa.selenium.devtools.CdpVersionFinder findNearestMatch
WARNING: Unable to find CDP implementation matching 135
Apr 12, 2025 9:01:17 AM org.openqa.selenium.chromium.ChromiumDriver lambda$new$5
WARNING: Unable to find version of CDP to use for 135.0.7049.84. You may need to include a dependency on a specific version of the CDP using something similar to `org.seleniumhq.selenium:selenium-devtools-v86:4.13.0` where the version ("v86") matches the version of the chromium-based browser you're using and the version number of the artifact is the same as Selenium's.
]]></system-err>
  </testcase>
</testsuite>